# JRE version: Java(TM) SE Runtime Environment (8.0_121-b13) (build 1.8.0_121-b13)
# Java VM: Java HotSpot(TM) 64-Bit Server VM (25.121-b13 mixed mode linux-amd64 compressed oops)
Heap:
 PSYoungGen      total 569856K, used 18516K [0x000000078c000000, 0x00000007b0c00000, 0x00000007c0000000)
  eden space 542208K, 0% used [0x000000078c000000,0x000000078c000000,0x00000007ad180000)
  from space 27648K, 66% used [0x00000007ad600000,0x00000007ae815200,0x00000007af100000)
  to   space 20480K, 0% used [0x00000007af800000,0x00000007af800000,0x00000007b0c00000)
 ParOldGen       total 94208K, used 43893K [0x0000000724000000, 0x0000000729c00000, 0x000000078c000000)
  object space 94208K, 46% used [0x0000000724000000,0x0000000726add5c8,0x0000000729c00000)
 Metaspace       used 58250K, capacity 58766K, committed 59008K, reserved 1099776K
  class space    used 7674K, capacity 7784K, committed 7808K, reserved 1048576K
GC Heap History (10 events):
Event: 8.401 GC heap after
Heap after GC invocations=10 (full 2):
 PSYoungGen      total 295936K, used 0K [0x000000078c000000, 0x00000007a1f80000, 0x00000007c0000000)
  eden space 278528K, 0% used [0x000000078c000000,0x000000078c000000,0x000000079d000000)
  from space 17408K, 0% used [0x000000079e100000,0x000000079e100000,0x000000079f200000)
  to   space 17408K, 0% used [0x000000079d000000,0x000000079d000000,0x000000079e100000)
 ParOldGen       total 94208K, used 20268K [0x0000000724000000, 0x0000000729c00000, 0x000000078c000000)
  object space 94208K, 21% used [0x0000000724000000,0x00000007253cb2b0,0x0000000729c00000)
 Metaspace       used 34778K, capacity 35130K, committed 35416K, reserved 1081344K
  class space    used 4441K, capacity 4528K, committed 4608K, reserved 1048576K
}
Event: 11.776 GC heap before
{Heap before GC invocations=11 (full 2):
 PSYoungGen      total 295936K, used 278528K [0x000000078c000000, 0x00000007a1f80000, 0x00000007c0000000)
  eden space 278528K, 100% used [0x000000078c000000,0x000000079d000000,0x000000079d000000)
  from space 17408K, 0% used [0x000000079e100000,0x000000079e100000,0x000000079f200000)
  to   space 17408K, 0% used [0x000000079d000000,0x000000079d000000,0x000000079e100000)
 ParOldGen       total 94208K, used 20268K [0x0000000724000000, 0x0000000729c00000, 0x000000078c000000)
  object space 94208K, 21% used [0x0000000724000000,0x00000007253cb2b0,0x0000000729c00000)
 Metaspace       used 42648K, capacity 43064K, committed 43520K, reserved 1087488K
  class space    used 5496K, capacity 5589K, committed 5632K, reserved 1048576K
Event: 11.917 GC heap after
Heap after GC invocations=11 (full 2):
 PSYoungGen      total 295936K, used 17391K [0x000000078c000000, 0x00000007a7180000, 0x00000007c0000000)
  eden space 278528K, 0% used [0x000000078c000000,0x000000078c000000,0x000000079d000000)
  from space 17408K, 99% used [0x000000079d000000,0x000000079e0fbdb0,0x000000079e100000)
  to   space 20480K, 0% used [0x00000007a5d80000,0x00000007a5d80000,0x00000007a7180000)
 ParOldGen       total 94208K, used 21809K [0x0000000724000000, 0x0000000729c00000, 0x000000078c000000)
  object space 94208K, 23% used [0x0000000724000000,0x000000072554c4e8,0x0000000729c00000)
 Metaspace       used 42648K, capacity 43064K, committed 43520K, reserved 1087488K
  class space    used 5496K, capacity 5589K, committed 5632K, reserved 1048576K
}
Event: 16.491 GC heap before
{Heap before GC invocations=12 (full 2):
 PSYoungGen      total 295936K, used 295919K [0x000000078c000000, 0x00000007a7180000, 0x00000007c0000000)
  eden space 278528K, 100% used [0x000000078c000000,0x000000079d000000,0x000000079d000000)
  from space 17408K, 99% used [0x000000079d000000,0x000000079e0fbdb0,0x000000079e100000)
  to   space 20480K, 0% used [0x00000007a5d80000,0x00000007a5d80000,0x00000007a7180000)
 ParOldGen       total 94208K, used 21809K [0x0000000724000000, 0x0000000729c00000, 0x000000078c000000)
  object space 94208K, 23% used [0x0000000724000000,0x000000072554c4e8,0x0000000729c00000)
 Metaspace       used 51401K, capacity 51798K, committed 52224K, reserved 1095680K
  class space    used 6778K, capacity 6874K, committed 6912K, reserved 1048576K
Event: 16.631 GC heap after
Heap after GC invocations=12 (full 2):
 PSYoungGen      total 417280K, used 20470K [0x000000078c000000, 0x00000007a7280000, 0x00000007c0000000)
  eden space 396800K, 0% used [0x000000078c000000,0x000000078c000000,0x00000007a4380000)
  from space 20480K, 99% used [0x00000007a5d80000,0x00000007a717d860,0x00000007a7180000)
  to   space 24064K, 0% used [0x00000007a4380000,0x00000007a4380000,0x00000007a5b00000)
 ParOldGen       total 94208K, used 23944K [0x0000000724000000, 0x0000000729c00000, 0x000000078c000000)
  object space 94208K, 25% used [0x0000000724000000,0x00000007257621b8,0x0000000729c00000)
 Metaspace       used 51401K, capacity 51798K, committed 52224K, reserved 1095680K
  class space    used 6778K, capacity 6874K, committed 6912K, reserved 1048576K
}
Event: 98.354 GC heap before
{Heap before GC invocations=13 (full 2):
 PSYoungGen      total 417280K, used 417270K [0x000000078c000000, 0x00000007a7280000, 0x00000007c0000000)
  eden space 396800K, 100% used [0x000000078c000000,0x00000007a4380000,0x00000007a4380000)
  from space 20480K, 99% used [0x00000007a5d80000,0x00000007a717d860,0x00000007a7180000)
  to   space 24064K, 0% used [0x00000007a4380000,0x00000007a4380000,0x00000007a5b00000)
 ParOldGen       total 94208K, used 23944K [0x0000000724000000, 0x0000000729c00000, 0x000000078c000000)
  object space 94208K, 25% used [0x0000000724000000,0x00000007257621b8,0x0000000729c00000)
 Metaspace       used 54174K, capacity 54702K, committed 55168K, reserved 1097728K
  class space    used 7122K, capacity 7246K, committed 7296K, reserved 1048576K
Event: 100.506 GC heap after
Heap after GC invocations=13 (full 2):
 PSYoungGen      total 420864K, used 20859K [0x000000078c000000, 0x00000007b1180000, 0x00000007c0000000)
  eden space 396800K, 0% used [0x000000078c000000,0x000000078c000000,0x00000007a4380000)
  from space 24064K, 86% used [0x00000007a4380000,0x00000007a57dee88,0x00000007a5b00000)
  to   space 26112K, 0% used [0x00000007af800000,0x00000007af800000,0x00000007b1180000)
 ParOldGen       total 94208K, used 33926K [0x0000000724000000, 0x0000000729c00000, 0x000000078c000000)
  object space 94208K, 36% used [0x0000000724000000,0x0000000726121ae0,0x0000000729c00000)
 Metaspace       used 54174K, capacity 54702K, committed 55168K, reserved 1097728K
  class space    used 7122K, capacity 7246K, committed 7296K, reserved 1048576K
}
Event: 178.576 GC heap before
{Heap before GC invocations=14 (full 2):
 PSYoungGen      total 420864K, used 417659K [0x000000078c000000, 0x00000007b1180000, 0x00000007c0000000)
  eden space 396800K, 100% used [0x000000078c000000,0x00000007a4380000,0x00000007a4380000)
  from space 24064K, 86% used [0x00000007a4380000,0x00000007a57dee88,0x00000007a5b00000)
  to   space 26112K, 0% used [0x00000007af800000,0x00000007af800000,0x00000007b1180000)
 ParOldGen       total 94208K, used 33926K [0x0000000724000000, 0x0000000729c00000, 0x000000078c000000)
  object space 94208K, 36% used [0x0000000724000000,0x0000000726121ae0,0x0000000729c00000)
 Metaspace       used 57202K, capacity 57688K, committed 58112K, reserved 1099776K
  class space    used 7539K, capacity 7647K, committed 7680K, reserved 1048576K
Event: 179.414 GC heap after
Heap after GC invocations=14 (full 2):
 PSYoungGen      total 562688K, used 20350K [0x000000078c000000, 0x00000007b0c00000, 0x00000007c0000000)
  eden space 542208K, 0% used [0x000000078c000000,0x000000078c000000,0x00000007ad180000)
  from space 20480K, 99% used [0x00000007af800000,0x00000007b0bdf820,0x00000007b0c00000)
  to   space 27648K, 0% used [0x00000007ad600000,0x00000007ad600000,0x00000007af100000)
 ParOldGen       total 94208K, used 39321K [0x0000000724000000, 0x0000000729c00000, 0x000000078c000000)
  object space 94208K, 41% used [0x0000000724000000,0x00000007266665b8,0x0000000729c00000)
 Metaspace       used 57202K, capacity 57688K, committed 58112K, reserved 1099776K
  class space    used 7539K, capacity 7647K, committed 7680K, reserved 1048576K
}
Event: 244.359 GC heap before
{Heap before GC invocations=15 (full 2):
 PSYoungGen      total 562688K, used 384175K [0x000000078c000000, 0x00000007b0c00000, 0x00000007c0000000)
  eden space 542208K, 67% used [0x000000078c000000,0x00000007a234c668,0x00000007ad180000)
  from space 20480K, 99% used [0x00000007af800000,0x00000007b0bdf820,0x00000007b0c00000)
  to   space 27648K, 0% used [0x00000007ad600000,0x00000007ad600000,0x00000007af100000)
 ParOldGen       total 94208K, used 39321K [0x0000000724000000, 0x0000000729c00000, 0x000000078c000000)
  object space 94208K, 41% used [0x0000000724000000,0x00000007266665b8,0x0000000729c00000)
 Metaspace       used 58250K, capacity 58766K, committed 59008K, reserved 1099776K
  class space    used 7674K, capacity 7784K, committed 7808K, reserved 1048576K

